Using pre-set license
Built from '2020.3/staging' branch; Version is '2020.3.26f1 (7298b473bc1a) revision 7510196'; Using compiler version '192528614'; Build Type 'Release'
OS: 'Windows 10  (10.0.19043) 64bit Professional' Language: 'en' Physical Memory: 15805 MB
BatchMode: 1, IsHumanControllingUs: 0, StartBugReporterOnCrash: 0, Is64bit: 1, IsPro: 0

COMMAND LINE ARGUMENTS:
C:\Program Files\Unity\Hub\Editor\2020.3.26f1\Editor\Unity.exe
-adb2
-batchMode
-noUpm
-name
AssetImportWorker0
-projectPath
C:/Users/Ahmad/Desktop/Games/Flappy Bird
-logFile
Logs/AssetImportWorker0.log
-srvPort
50159
Successfully changed project path to: C:/Users/Ahmad/Desktop/Games/Flappy Bird
C:/Users/Ahmad/Desktop/Games/Flappy Bird
Using Asset Import Pipeline V2.
Refreshing native plugins compatible for Editor in 64.94 ms, found 3 plugins.
Preloading 0 native plugins for Editor in 0.00 ms.
Initialize engine version: 2020.3.26f1 (7298b473bc1a)
[Subsystems] Discovering subsystems at path C:/Program Files/Unity/Hub/Editor/2020.3.26f1/Editor/Data/Resources/UnitySubsystems
[Subsystems] Discovering subsystems at path C:/Users/Ahmad/Desktop/Games/Flappy Bird/Assets
GfxDevice: creating device client; threaded=0
Direct3D:
    Version:  Direct3D 11.0 [level 11.1]
    Renderer: NVIDIA GeForce GTX 1650 (ID=0x1f91)
    Vendor:   
    VRAM:     3962 MB
    Driver:   30.0.14.9649
Initialize mono
Mono path[0] = 'C:/Program Files/Unity/Hub/Editor/2020.3.26f1/Editor/Data/Managed'
Mono path[1] = 'C:/Program Files/Unity/Hub/Editor/2020.3.26f1/Editor/Data/MonoBleedingEdge/lib/mono/unityjit'
Mono config path = 'C:/Program Files/Unity/Hub/Editor/2020.3.26f1/Editor/Data/MonoBleedingEdge/etc'
Using monoOptions --debugger-agent=transport=dt_socket,embedding=1,server=y,suspend=n,address=127.0.0.1:56256
Begin MonoManager ReloadAssembly
Registering precompiled unity dll's ...
Register platform support module: C:/Program Files/Unity/Hub/Editor/2020.3.26f1/Editor/Data/PlaybackEngines/WebGLSupport/UnityEditor.WebGL.Extensions.dll
Register platform support module: C:/Program Files/Unity/Hub/Editor/2020.3.26f1/Editor/Data/PlaybackEngines/WindowsStandaloneSupport/UnityEditor.WindowsStandalone.Extensions.dll
Registered in 0.003455 seconds.
Native extension for WindowsStandalone target not found
Native extension for WebGL target not found
Refreshing native plugins compatible for Editor in 69.58 ms, found 3 plugins.
Preloading 0 native plugins for Editor in 0.00 ms.
Mono: successfully reloaded assembly
- Completed reload, in  0.859 seconds
Domain Reload Profiling:
	ReloadAssembly (860ms)
		BeginReloadAssembly (73ms)
			ExecutionOrderSort (0ms)
			DisableScriptedObjects (0ms)
			BackupInstance (0ms)
			ReleaseScriptingObjects (0ms)
			CreateAndSetChildDomain (1ms)
		EndReloadAssembly (677ms)
			LoadAssemblies (70ms)
			RebuildTransferFunctionScriptingTraits (0ms)
			SetupTypeCache (202ms)
			ReleaseScriptCaches (0ms)
			RebuildScriptCaches (64ms)
			SetupLoadedEditorAssemblies (260ms)
				LogAssemblyErrors (0ms)
				InitializePlatformSupportModulesInManaged (7ms)
				SetLoadedEditorAssemblies (0ms)
				RefreshPlugins (70ms)
				BeforeProcessingInitializeOnLoad (12ms)
				ProcessInitializeOnLoadAttributes (127ms)
				ProcessInitializeOnLoadMethodAttributes (43ms)
				AfterProcessingInitializeOnLoad (0ms)
				EditorAssembliesLoaded (0ms)
			ExecutionOrderSort2 (0ms)
			AwakeInstancesAfterBackupRestoration (0ms)
Platform modules already initialized, skipping
Registering precompiled user dll's ...
Registered in 0.006315 seconds.
Begin MonoManager ReloadAssembly
Native extension for WindowsStandalone target not found
Native extension for WebGL target not found
Refreshing native plugins compatible for Editor in 60.62 ms, found 3 plugins.
Preloading 0 native plugins for Editor in 0.00 ms.
Mono: successfully reloaded assembly
- Completed reload, in  1.480 seconds
Domain Reload Profiling:
	ReloadAssembly (1481ms)
		BeginReloadAssembly (190ms)
			ExecutionOrderSort (0ms)
			DisableScriptedObjects (7ms)
			BackupInstance (0ms)
			ReleaseScriptingObjects (0ms)
			CreateAndSetChildDomain (24ms)
		EndReloadAssembly (1206ms)
			LoadAssemblies (125ms)
			RebuildTransferFunctionScriptingTraits (0ms)
			SetupTypeCache (397ms)
			ReleaseScriptCaches (1ms)
			RebuildScriptCaches (69ms)
			SetupLoadedEditorAssemblies (447ms)
				LogAssemblyErrors (0ms)
				InitializePlatformSupportModulesInManaged (8ms)
				SetLoadedEditorAssemblies (0ms)
				RefreshPlugins (61ms)
				BeforeProcessingInitializeOnLoad (91ms)
				ProcessInitializeOnLoadAttributes (254ms)
				ProcessInitializeOnLoadMethodAttributes (22ms)
				AfterProcessingInitializeOnLoad (10ms)
				EditorAssembliesLoaded (0ms)
			ExecutionOrderSort2 (0ms)
			AwakeInstancesAfterBackupRestoration (9ms)
Platform modules already initialized, skipping
========================================================================
Worker process is ready to serve import requests
Launched and connected shader compiler UnityShaderCompiler.exe after 0.07 seconds
Refreshing native plugins compatible for Editor in 0.57 ms, found 3 plugins.
Preloading 0 native plugins for Editor in 0.00 ms.
Unloading 2197 Unused Serialized files (Serialized files now loaded: 0)
System memory in use before: 95.9 MB.
System memory in use after: 95.9 MB.

Unloading 28 unused Assets to reduce memory usage. Loaded Objects now: 2630.
Total: 4.162300 ms (FindLiveObjects: 0.233300 ms CreateObjectMapping: 0.056800 ms MarkObjects: 3.756100 ms  DeleteObjects: 0.114100 ms)

AssetImportParameters requested are different than current active one (requested -> active):
  custom:framework-win-MediaFoundation: 216162199b28c13a410421893ffa2e32 -> 
  custom:video-decoder-ogg-theora: a1e56fd34408186e4bbccfd4996cb3dc -> 
  custom:container-muxer-webm: aa71ff27fc2769a1b78a27578f13a17b -> 
  custom:container-demuxer-webm: 4f35f7cbe854078d1ac9338744f61a02 -> 
  custom:container-demuxer-ogg: 62fdf1f143b41e24485cea50d1cbac27 -> 
  custom:video-encoder-webm-vp8: eb34c28f22e8b96e1ab97ce403110664 -> 
  custom:video-decoder-webm-vp8: 9c59270c3fd7afecdb556c50c9e8de78 -> 
  custom:audio-decoder-ogg-vorbis: bf7c407c2cedff20999df2af8eb42d56 -> 
  custom:audio-encoder-webm-vorbis: bf7c407c2cedff20999df2af8eb42d56 -> 
========================================================================
Received Import Request.
  path: Assets/https___weeklyhow.com_downloads_11-24-19_Flappy%20Bird%20Sprites.png
  artifactKey: Guid(5a2d9ab63d7dc4848b6bc48761dbc8ec) Importer(815301076,1909f56bfc062723c751e8b465ee728b)
Start importing Assets/https___weeklyhow.com_downloads_11-24-19_Flappy%20Bird%20Sprites.png using Guid(5a2d9ab63d7dc4848b6bc48761dbc8ec) Importer(815301076,1909f56bfc062723c751e8b465ee728b)  -> (artifact id: '84febebafa56d8bcdf2ec841f28c6a64') in 0.143710 seconds 
  Import took 0.148251 seconds .

========================================================================
Received Import Request.
  Time since last request: 178.850562 seconds.
  path: Assets/https___weeklyhow.com_downloads_11-24-19_Flappy%20Bird%20Sprites.png
  artifactKey: Guid(5a2d9ab63d7dc4848b6bc48761dbc8ec) Importer(815301076,1909f56bfc062723c751e8b465ee728b)
Start importing Assets/https___weeklyhow.com_downloads_11-24-19_Flappy%20Bird%20Sprites.png using Guid(5a2d9ab63d7dc4848b6bc48761dbc8ec) Importer(815301076,1909f56bfc062723c751e8b465ee728b)  -> (artifact id: '067c2da62581c7e64ad945ae3b0a6f8b') in 0.021592 seconds 
  Import took 0.028220 seconds .

========================================================================
Received Import Request.
  Time since last request: 360.454167 seconds.
  path: Assets/https___weeklyhow.com_downloads_11-24-19_Flappy%20Bird%20Sprites.png
  artifactKey: Guid(5a2d9ab63d7dc4848b6bc48761dbc8ec) Importer(815301076,1909f56bfc062723c751e8b465ee728b)
Start importing Assets/https___weeklyhow.com_downloads_11-24-19_Flappy%20Bird%20Sprites.png using Guid(5a2d9ab63d7dc4848b6bc48761dbc8ec) Importer(815301076,1909f56bfc062723c751e8b465ee728b)  -> (artifact id: 'b7914a4de73bc1310712bb8ffb1efd79') in 0.236605 seconds 
  Import took 0.241610 seconds .

========================================================================
Received Import Request.
  Time since last request: 294.087814 seconds.
  path: Assets/https___weeklyhow.com_downloads_11-24-19_Flappy%20Bird%20Sprites.png
  artifactKey: Guid(5a2d9ab63d7dc4848b6bc48761dbc8ec) Importer(815301076,1909f56bfc062723c751e8b465ee728b)
Start importing Assets/https___weeklyhow.com_downloads_11-24-19_Flappy%20Bird%20Sprites.png using Guid(5a2d9ab63d7dc4848b6bc48761dbc8ec) Importer(815301076,1909f56bfc062723c751e8b465ee728b)  -> (artifact id: '83502fd82faa3155f19e964ee5f63dd8') in 0.067388 seconds 
  Import took 0.071928 seconds .

========================================================================
Received Import Request.
  Time since last request: 25.322499 seconds.
  path: Assets/https___weeklyhow.com_downloads_11-24-19_Flappy%20Bird%20Sprites.png
  artifactKey: Guid(5a2d9ab63d7dc4848b6bc48761dbc8ec) Importer(815301076,1909f56bfc062723c751e8b465ee728b)
Start importing Assets/https___weeklyhow.com_downloads_11-24-19_Flappy%20Bird%20Sprites.png using Guid(5a2d9ab63d7dc4848b6bc48761dbc8ec) Importer(815301076,1909f56bfc062723c751e8b465ee728b)  -> (artifact id: '0c483d765b2220361055d411c73d6500') in 0.066979 seconds 
  Import took 0.071639 seconds .

========================================================================
Received Import Request.
  Time since last request: 28.133938 seconds.
  path: Assets/Scenes
  artifactKey: Guid(0776a9f29b26de840b7462d8f2d35128) Importer(815301076,1909f56bfc062723c751e8b465ee728b)
Start importing Assets/Scenes using Guid(0776a9f29b26de840b7462d8f2d35128) Importer(815301076,1909f56bfc062723c751e8b465ee728b)  -> (artifact id: 'f957d799b3e698ef8f82ed0b6a62ef91') in 0.010778 seconds 
  Import took 0.015578 seconds .

========================================================================
Received Import Request.
  Time since last request: 113.078921 seconds.
  path: Assets/https___weeklyhow.com_downloads_11-24-19_Flappy%20Bird%20Sprites.png
  artifactKey: Guid(5a2d9ab63d7dc4848b6bc48761dbc8ec) Importer(815301076,1909f56bfc062723c751e8b465ee728b)
Start importing Assets/https___weeklyhow.com_downloads_11-24-19_Flappy%20Bird%20Sprites.png using Guid(5a2d9ab63d7dc4848b6bc48761dbc8ec) Importer(815301076,1909f56bfc062723c751e8b465ee728b)  -> (artifact id: '0e87a4689da9e8236df78232ca7d9e26') in 0.053888 seconds 
  Import took 0.058987 seconds .

========================================================================
Received Import Request.
  Time since last request: 4.750425 seconds.
  path: Assets/https___weeklyhow.com_downloads_11-24-19_Flappy%20Bird%20Sprites.png
  artifactKey: Guid(5a2d9ab63d7dc4848b6bc48761dbc8ec) Importer(815301076,1909f56bfc062723c751e8b465ee728b)
Start importing Assets/https___weeklyhow.com_downloads_11-24-19_Flappy%20Bird%20Sprites.png using Guid(5a2d9ab63d7dc4848b6bc48761dbc8ec) Importer(815301076,1909f56bfc062723c751e8b465ee728b)  -> (artifact id: '81407b068023ea23c62bd4d4237296d4') in 0.048928 seconds 
  Import took 0.054010 seconds .

========================================================================
Received Import Request.
  Time since last request: 43.139302 seconds.
  path: Assets/https___weeklyhow.com_downloads_11-24-19_Flappy%20Bird%20Sprites.png
  artifactKey: Guid(5a2d9ab63d7dc4848b6bc48761dbc8ec) Importer(815301076,1909f56bfc062723c751e8b465ee728b)
Start importing Assets/https___weeklyhow.com_downloads_11-24-19_Flappy%20Bird%20Sprites.png using Guid(5a2d9ab63d7dc4848b6bc48761dbc8ec) Importer(815301076,1909f56bfc062723c751e8b465ee728b)  -> (artifact id: '6daca815d810aa2c5115b00ffe9b8296') in 0.087380 seconds 
  Import took 0.091714 seconds .

========================================================================
Received Import Request.
  Time since last request: 92.131399 seconds.
  path: Assets/https___weeklyhow.com_downloads_11-24-19_Flappy%20Bird%20Sprites.png
  artifactKey: Guid(5a2d9ab63d7dc4848b6bc48761dbc8ec) Importer(815301076,1909f56bfc062723c751e8b465ee728b)
Start importing Assets/https___weeklyhow.com_downloads_11-24-19_Flappy%20Bird%20Sprites.png using Guid(5a2d9ab63d7dc4848b6bc48761dbc8ec) Importer(815301076,1909f56bfc062723c751e8b465ee728b)  -> (artifact id: '792f8bef185bd408d957e25d0d34bbd2') in 0.068677 seconds 
  Import took 0.073125 seconds .

========================================================================
Received Import Request.
  Time since last request: 29.119594 seconds.
  path: Assets/https___weeklyhow.com_downloads_11-24-19_Flappy%20Bird%20Sprites.png
  artifactKey: Guid(5a2d9ab63d7dc4848b6bc48761dbc8ec) Importer(815301076,1909f56bfc062723c751e8b465ee728b)
Start importing Assets/https___weeklyhow.com_downloads_11-24-19_Flappy%20Bird%20Sprites.png using Guid(5a2d9ab63d7dc4848b6bc48761dbc8ec) Importer(815301076,1909f56bfc062723c751e8b465ee728b)  -> (artifact id: 'd5695003cc56f725ecd0582fb7a896e9') in 0.077175 seconds 
  Import took 0.081765 seconds .

========================================================================
Received Import Request.
  Time since last request: 52.071854 seconds.
  path: Assets/https___weeklyhow.com_downloads_11-24-19_Flappy%20Bird%20Sprites.png
  artifactKey: Guid(5a2d9ab63d7dc4848b6bc48761dbc8ec) Importer(815301076,1909f56bfc062723c751e8b465ee728b)
Start importing Assets/https___weeklyhow.com_downloads_11-24-19_Flappy%20Bird%20Sprites.png using Guid(5a2d9ab63d7dc4848b6bc48761dbc8ec) Importer(815301076,1909f56bfc062723c751e8b465ee728b)  -> (artifact id: '2934391ea6a27a81ae4352dba335fdfb') in 0.186642 seconds 
  Import took 0.192977 seconds .

========================================================================
Received Import Request.
  Time since last request: 45.636768 seconds.
  path: Assets/https___weeklyhow.com_downloads_11-24-19_Flappy%20Bird%20Sprites.png
  artifactKey: Guid(5a2d9ab63d7dc4848b6bc48761dbc8ec) Importer(815301076,1909f56bfc062723c751e8b465ee728b)
Start importing Assets/https___weeklyhow.com_downloads_11-24-19_Flappy%20Bird%20Sprites.png using Guid(5a2d9ab63d7dc4848b6bc48761dbc8ec) Importer(815301076,1909f56bfc062723c751e8b465ee728b)  -> (artifact id: 'e04c273834d6f7fba95fdcf91a01f90c') in 0.234576 seconds 
  Import took 0.241340 seconds .

========================================================================
Received Import Request.
  Time since last request: 91.804492 seconds.
  path: Assets/https___weeklyhow.com_downloads_11-24-19_Flappy%20Bird%20Sprites.png
  artifactKey: Guid(5a2d9ab63d7dc4848b6bc48761dbc8ec) Importer(815301076,1909f56bfc062723c751e8b465ee728b)
Start importing Assets/https___weeklyhow.com_downloads_11-24-19_Flappy%20Bird%20Sprites.png using Guid(5a2d9ab63d7dc4848b6bc48761dbc8ec) Importer(815301076,1909f56bfc062723c751e8b465ee728b)  -> (artifact id: '48d0b02ac0b586545c9aab4f2791720d') in 0.021546 seconds 
  Import took 0.026412 seconds .

========================================================================
Received Import Request.
  Time since last request: 13.177486 seconds.
  path: Assets/https___weeklyhow.com_downloads_11-24-19_Flappy%20Bird%20Sprites.png
  artifactKey: Guid(5a2d9ab63d7dc4848b6bc48761dbc8ec) Importer(815301076,1909f56bfc062723c751e8b465ee728b)
Start importing Assets/https___weeklyhow.com_downloads_11-24-19_Flappy%20Bird%20Sprites.png using Guid(5a2d9ab63d7dc4848b6bc48761dbc8ec) Importer(815301076,1909f56bfc062723c751e8b465ee728b)  -> (artifact id: '0af26825f0ff1213ac4ad699f2ce3668') in 0.025036 seconds 
  Import took 0.029365 seconds .

========================================================================
Received Import Request.
  Time since last request: 145.584164 seconds.
  path: Assets/https___weeklyhow.com_downloads_11-24-19_Flappy%20Bird%20Sprites.png
  artifactKey: Guid(5a2d9ab63d7dc4848b6bc48761dbc8ec) Importer(815301076,1909f56bfc062723c751e8b465ee728b)
Start importing Assets/https___weeklyhow.com_downloads_11-24-19_Flappy%20Bird%20Sprites.png using Guid(5a2d9ab63d7dc4848b6bc48761dbc8ec) Importer(815301076,1909f56bfc062723c751e8b465ee728b)  -> (artifact id: '2fa8e8c2ecf78e1d13d9d73b68bed9a5') in 0.011980 seconds 
  Import took 0.016535 seconds .

========================================================================
Received Import Request.
  Time since last request: 12.065184 seconds.
  path: Assets/https___weeklyhow.com_downloads_11-24-19_Flappy%20Bird%20Sprites.png
  artifactKey: Guid(5a2d9ab63d7dc4848b6bc48761dbc8ec) Importer(815301076,1909f56bfc062723c751e8b465ee728b)
Start importing Assets/https___weeklyhow.com_downloads_11-24-19_Flappy%20Bird%20Sprites.png using Guid(5a2d9ab63d7dc4848b6bc48761dbc8ec) Importer(815301076,1909f56bfc062723c751e8b465ee728b)  -> (artifact id: 'b87d4d6e15785b2c4c0202d906021516') in 0.028979 seconds 
  Import took 0.033653 seconds .

========================================================================
Received Import Request.
  Time since last request: 32.741954 seconds.
  path: Assets
  artifactKey: Guid(00000000000000001000000000000000) Importer(815301076,1909f56bfc062723c751e8b465ee728b)
Start importing Assets using Guid(00000000000000001000000000000000) Importer(815301076,1909f56bfc062723c751e8b465ee728b)  -> (artifact id: '42d402b061de3733987d63b9cc3b64de') in 0.012711 seconds 
  Import took 0.017118 seconds .

========================================================================
Received Import Request.
  Time since last request: 40.501134 seconds.
  path: Assets/https___weeklyhow.com_downloads_11-24-19_Flappy%20Bird%20Sprites.png
  artifactKey: Guid(5a2d9ab63d7dc4848b6bc48761dbc8ec) Importer(815301076,1909f56bfc062723c751e8b465ee728b)
Start importing Assets/https___weeklyhow.com_downloads_11-24-19_Flappy%20Bird%20Sprites.png using Guid(5a2d9ab63d7dc4848b6bc48761dbc8ec) Importer(815301076,1909f56bfc062723c751e8b465ee728b)  -> (artifact id: '8d5464f3d5ab402fe2925967dbd802d0') in 0.024012 seconds 
  Import took 0.027966 seconds .

========================================================================
Received Import Request.
  Time since last request: 2418.476076 seconds.
  path: Assets/https___weeklyhow.com_downloads_11-24-19_Flappy%20Bird%20Sprites.png
  artifactKey: Guid(5a2d9ab63d7dc4848b6bc48761dbc8ec) Importer(815301076,1909f56bfc062723c751e8b465ee728b)
Start importing Assets/https___weeklyhow.com_downloads_11-24-19_Flappy%20Bird%20Sprites.png using Guid(5a2d9ab63d7dc4848b6bc48761dbc8ec) Importer(815301076,1909f56bfc062723c751e8b465ee728b)  -> (artifact id: '5020ac2135724a002e92f0f1663d59f5') in 0.033599 seconds 
  Import took 0.037971 seconds .

========================================================================
Received Import Request.
  Time since last request: 15.700708 seconds.
  path: Assets/https___weeklyhow.com_downloads_11-24-19_Flappy%20Bird%20Sprites.png
  artifactKey: Guid(5a2d9ab63d7dc4848b6bc48761dbc8ec) Importer(815301076,1909f56bfc062723c751e8b465ee728b)
Start importing Assets/https___weeklyhow.com_downloads_11-24-19_Flappy%20Bird%20Sprites.png using Guid(5a2d9ab63d7dc4848b6bc48761dbc8ec) Importer(815301076,1909f56bfc062723c751e8b465ee728b)  -> (artifact id: '276657d183b225cada9f17da6d1984f6') in 0.033553 seconds 
  Import took 0.037671 seconds .

========================================================================
Received Import Request.
  Time since last request: 60.122377 seconds.
  path: Assets/https___weeklyhow.com_downloads_11-24-19_Flappy%20Bird%20Sprites.png
  artifactKey: Guid(5a2d9ab63d7dc4848b6bc48761dbc8ec) Importer(815301076,1909f56bfc062723c751e8b465ee728b)
Start importing Assets/https___weeklyhow.com_downloads_11-24-19_Flappy%20Bird%20Sprites.png using Guid(5a2d9ab63d7dc4848b6bc48761dbc8ec) Importer(815301076,1909f56bfc062723c751e8b465ee728b)  -> (artifact id: '4001563ab3309572d84c4a958c9b7b08') in 0.025417 seconds 
  Import took 0.029524 seconds .

AssetImportWorkerClient::OnTransportError - code=2 error=End of file
